<?xml version="1.0" encoding="UTF-8"?>
<testng-results skipped="0" failed="0" total="29" passed="29">
  <reporter-output>
  </reporter-output>
  <suite name="Command line suite" duration-ms="48" started-at="2013-04-05T10:30:29Z" finished-at="2013-04-05T10:30:29Z">
    <groups>
      <group name="slow">
        <method signature="cz.cuni.mff.d3s.deeco.test.unit.TestNGExamples.aSlowTest()" name="aSlowTest" class="cz.cuni.mff.d3s.deeco.test.unit.TestNGExamples"/>
      </group>
      <group name="fast">
        <method signature="cz.cuni.mff.d3s.deeco.test.unit.TestNGExamples.aFastTest()" name="aFastTest" class="cz.cuni.mff.d3s.deeco.test.unit.TestNGExamples"/>
      </group>
    </groups>
    <test name="Command line test" duration-ms="48" started-at="2013-04-05T10:30:29Z" finished-at="2013-04-05T10:30:29Z">
      <class name="cz.cuni.mff.d3s.deeco.test.unit.TestNGExamples">
        <test-method status="PASS" signature="testNullPointerException()" name="testNullPointerException" duration-ms="0" started-at="2013-04-05T10:30:29Z" finished-at="2013-04-05T10:30:29Z">
          <exception class="java.lang.NullPointerException">
            <full-stacktrace>
              <![CDATA[java.lang.NullPointerException
	at cz.cuni.mff.d3s.deeco.test.unit.TestNGExamples.testNullPointerException(TestNGExamples.java:36)
	at sun.reflect.NativeMethodAccessorImpl.invoke0(Native Method)
	at sun.reflect.NativeMethodAccessorImpl.invoke(NativeMethodAccessorImpl.java:57)
	at sun.reflect.DelegatingMethodAccessorImpl.invoke(DelegatingMethodAccessorImpl.java:43)
	at java.lang.reflect.Method.invoke(Method.java:601)
	at org.testng.internal.MethodInvocationHelper.invokeMethod(MethodInvocationHelper.java:80)
	at org.testng.internal.Invoker.invokeMethod(Invoker.java:673)
	at org.testng.internal.Invoker.invokeTestMethod(Invoker.java:842)
	at org.testng.internal.Invoker.invokeTestMethods(Invoker.java:1166)
	at org.testng.internal.TestMethodWorker.invokeTestMethods(TestMethodWorker.java:125)
	at org.testng.internal.TestMethodWorker.run(TestMethodWorker.java:109)
	at org.testng.TestRunner.runWorkers(TestRunner.java:1178)
	at org.testng.TestRunner.privateRun(TestRunner.java:757)
	at org.testng.TestRunner.run(TestRunner.java:608)
	at org.testng.SuiteRunner.runTest(SuiteRunner.java:334)
	at org.testng.SuiteRunner.runSequentially(SuiteRunner.java:329)
	at org.testng.SuiteRunner.privateRun(SuiteRunner.java:291)
	at org.testng.SuiteRunner.run(SuiteRunner.java:240)
	at org.testng.SuiteRunnerWorker.runSuite(SuiteRunnerWorker.java:52)
	at org.testng.SuiteRunnerWorker.run(SuiteRunnerWorker.java:86)
	at org.testng.TestNG.runSuitesSequentially(TestNG.java:1158)
	at org.testng.TestNG.runSuitesLocally(TestNG.java:1083)
	at org.testng.TestNG.run(TestNG.java:999)
	at org.apache.maven.surefire.testng.TestNGExecutor.run(TestNGExecutor.java:70)
	at org.apache.maven.surefire.testng.TestNGDirectoryTestSuite.executeMulti(TestNGDirectoryTestSuite.java:158)
	at org.apache.maven.surefire.testng.TestNGDirectoryTestSuite.execute(TestNGDirectoryTestSuite.java:98)
	at org.apache.maven.surefire.testng.TestNGProvider.invoke(TestNGProvider.java:111)
	at sun.reflect.NativeMethodAccessorImpl.invoke0(Native Method)
	at sun.reflect.NativeMethodAccessorImpl.invoke(NativeMethodAccessorImpl.java:57)
	at sun.reflect.DelegatingMethodAccessorImpl.invoke(DelegatingMethodAccessorImpl.java:43)
	at java.lang.reflect.Method.invoke(Method.java:601)
	at org.apache.maven.surefire.util.ReflectionUtils.invokeMethodWithArray(ReflectionUtils.java:164)
	at org.apache.maven.surefire.booter.ProviderFactory$ProviderProxy.invoke(ProviderFactory.java:110)
	at org.apache.maven.surefire.booter.SurefireStarter.invokeProvider(SurefireStarter.java:175)
	at org.apache.maven.surefire.booter.SurefireStarter.runSuitesInProcessWhenForked(SurefireStarter.java:107)
	at org.apache.maven.surefire.booter.ForkedBooter.main(ForkedBooter.java:68)
]]>
            </full-stacktrace>
          </exception>
        </test-method>
        <test-method status="PASS" signature="setUp()" name="setUp" is-config="true" duration-ms="0" started-at="2013-04-05T10:30:29Z" finished-at="2013-04-05T10:30:29Z">
        </test-method>
        <test-method status="PASS" signature="shouldAddSameCurrencies(java.lang.Integer, java.lang.Integer, java.lang.Integer)" name="shouldAddSameCurrencies" duration-ms="0" started-at="2013-04-05T10:30:29Z" depends-on-methods="cz.cuni.mff.d3s.deeco.test.unit.TestNGExamples.testNullPointerException" finished-at="2013-04-05T10:30:29Z">
          <params>
            <param index="0">
              <value>
                <![CDATA[4]]>
              </value>
            </param>
            <param index="1">
              <value>
                <![CDATA[3]]>
              </value>
            </param>
            <param index="2">
              <value>
                <![CDATA[7]]>
              </value>
            </param>
          </params>
        </test-method>
        <test-method status="PASS" signature="shouldAddSameCurrencies(java.lang.Integer, java.lang.Integer, java.lang.Integer)" name="shouldAddSameCurrencies" duration-ms="0" started-at="2013-04-05T10:30:29Z" depends-on-methods="cz.cuni.mff.d3s.deeco.test.unit.TestNGExamples.testNullPointerException" finished-at="2013-04-05T10:30:29Z">
          <params>
            <param index="0">
              <value>
                <![CDATA[1]]>
              </value>
            </param>
            <param index="1">
              <value>
                <![CDATA[4]]>
              </value>
            </param>
            <param index="2">
              <value>
                <![CDATA[5]]>
              </value>
            </param>
          </params>
        </test-method>
        <test-method status="PASS" signature="aFastTest()" name="aFastTest" duration-ms="0" started-at="2013-04-05T10:30:29Z" finished-at="2013-04-05T10:30:29Z">
        </test-method>
        <test-method status="PASS" signature="shouldAddSameCurrencies(java.lang.Integer, java.lang.Integer, java.lang.Integer)" name="shouldAddSameCurrencies" duration-ms="0" started-at="2013-04-05T10:30:29Z" depends-on-methods="cz.cuni.mff.d3s.deeco.test.unit.TestNGExamples.testNullPointerException" finished-at="2013-04-05T10:30:29Z">
          <params>
            <param index="0">
              <value>
                <![CDATA[1234]]>
              </value>
            </param>
            <param index="1">
              <value>
                <![CDATA[234]]>
              </value>
            </param>
            <param index="2">
              <value>
                <![CDATA[1468]]>
              </value>
            </param>
          </params>
        </test-method>
        <test-method status="PASS" signature="aSlowTest()" name="aSlowTest" duration-ms="0" started-at="2013-04-05T10:30:29Z" finished-at="2013-04-05T10:30:29Z">
        </test-method>
      </class>
      <class name="cz.cuni.mff.d3s.deeco.test.unit.knowledge.LocalKnowledgeRepositoryTest">
        <test-method status="PASS" signature="get()" name="get" duration-ms="0" started-at="2013-04-05T10:30:29Z" finished-at="2013-04-05T10:30:29Z">
        </test-method>
        <test-method status="PASS" signature="take()" name="take" duration-ms="0" started-at="2013-04-05T10:30:29Z" finished-at="2013-04-05T10:30:29Z">
          <exception class="cz.cuni.mff.d3s.deeco.exceptions.KRExceptionUnavailableEntry">
            <message>
              <![CDATA[Key 42 is not in the local knowledge repository.]]>
            </message>
            <full-stacktrace>
              <![CDATA[cz.cuni.mff.d3s.deeco.exceptions.KRExceptionUnavailableEntry: Key 42 is not in the local knowledge repository.
	at cz.cuni.mff.d3s.deeco.knowledge.local.LocalKnowledgeRepository.take(LocalKnowledgeRepository.java:107)
	at cz.cuni.mff.d3s.deeco.test.unit.knowledge.LocalKnowledgeRepositoryTest.take(LocalKnowledgeRepositoryTest.java:63)
	at sun.reflect.NativeMethodAccessorImpl.invoke0(Native Method)
	at sun.reflect.NativeMethodAccessorImpl.invoke(NativeMethodAccessorImpl.java:57)
	at sun.reflect.DelegatingMethodAccessorImpl.invoke(DelegatingMethodAccessorImpl.java:43)
	at java.lang.reflect.Method.invoke(Method.java:601)
	at org.testng.internal.MethodInvocationHelper.invokeMethod(MethodInvocationHelper.java:80)
	at org.testng.internal.Invoker.invokeMethod(Invoker.java:673)
	at org.testng.internal.Invoker.invokeTestMethod(Invoker.java:842)
	at org.testng.internal.Invoker.invokeTestMethods(Invoker.java:1166)
	at org.testng.internal.TestMethodWorker.invokeTestMethods(TestMethodWorker.java:125)
	at org.testng.internal.TestMethodWorker.run(TestMethodWorker.java:109)
	at org.testng.TestRunner.runWorkers(TestRunner.java:1178)
	at org.testng.TestRunner.privateRun(TestRunner.java:757)
	at org.testng.TestRunner.run(TestRunner.java:608)
	at org.testng.SuiteRunner.runTest(SuiteRunner.java:334)
	at org.testng.SuiteRunner.runSequentially(SuiteRunner.java:329)
	at org.testng.SuiteRunner.privateRun(SuiteRunner.java:291)
	at org.testng.SuiteRunner.run(SuiteRunner.java:240)
	at org.testng.SuiteRunnerWorker.runSuite(SuiteRunnerWorker.java:52)
	at org.testng.SuiteRunnerWorker.run(SuiteRunnerWorker.java:86)
	at org.testng.TestNG.runSuitesSequentially(TestNG.java:1158)
	at org.testng.TestNG.runSuitesLocally(TestNG.java:1083)
	at org.testng.TestNG.run(TestNG.java:999)
	at org.apache.maven.surefire.testng.TestNGExecutor.run(TestNGExecutor.java:70)
	at org.apache.maven.surefire.testng.TestNGDirectoryTestSuite.executeMulti(TestNGDirectoryTestSuite.java:158)
	at org.apache.maven.surefire.testng.TestNGDirectoryTestSuite.execute(TestNGDirectoryTestSuite.java:98)
	at org.apache.maven.surefire.testng.TestNGProvider.invoke(TestNGProvider.java:111)
	at sun.reflect.NativeMethodAccessorImpl.invoke0(Native Method)
	at sun.reflect.NativeMethodAccessorImpl.invoke(NativeMethodAccessorImpl.java:57)
	at sun.reflect.DelegatingMethodAccessorImpl.invoke(DelegatingMethodAccessorImpl.java:43)
	at java.lang.reflect.Method.invoke(Method.java:601)
	at org.apache.maven.surefire.util.ReflectionUtils.invokeMethodWithArray(ReflectionUtils.java:164)
	at org.apache.maven.surefire.booter.ProviderFactory$ProviderProxy.invoke(ProviderFactory.java:110)
	at org.apache.maven.surefire.booter.SurefireStarter.invokeProvider(SurefireStarter.java:175)
	at org.apache.maven.surefire.booter.SurefireStarter.runSuitesInProcessWhenForked(SurefireStarter.java:107)
	at org.apache.maven.surefire.booter.ForkedBooter.main(ForkedBooter.java:68)
]]>
            </full-stacktrace>
          </exception>
        </test-method>
        <test-method status="PASS" signature="put()" name="put" is-config="true" duration-ms="0" started-at="2013-04-05T10:30:29Z" finished-at="2013-04-05T10:30:29Z">
        </test-method>
        <test-method status="PASS" signature="getWithException()" name="getWithException" duration-ms="16" started-at="2013-04-05T10:30:29Z" finished-at="2013-04-05T10:30:29Z">
          <exception class="cz.cuni.mff.d3s.deeco.exceptions.KRExceptionUnavailableEntry">
            <message>
              <![CDATA[Key does.not.exist is not in the local knowledge repository.]]>
            </message>
            <full-stacktrace>
              <![CDATA[cz.cuni.mff.d3s.deeco.exceptions.KRExceptionUnavailableEntry: Key does.not.exist is not in the local knowledge repository.
	at cz.cuni.mff.d3s.deeco.knowledge.local.LocalKnowledgeRepository.get(LocalKnowledgeRepository.java:78)
	at cz.cuni.mff.d3s.deeco.test.unit.knowledge.LocalKnowledgeRepositoryTest.getWithException(LocalKnowledgeRepositoryTest.java:70)
	at sun.reflect.NativeMethodAccessorImpl.invoke0(Native Method)
	at sun.reflect.NativeMethodAccessorImpl.invoke(NativeMethodAccessorImpl.java:57)
	at sun.reflect.DelegatingMethodAccessorImpl.invoke(DelegatingMethodAccessorImpl.java:43)
	at java.lang.reflect.Method.invoke(Method.java:601)
	at org.testng.internal.MethodInvocationHelper.invokeMethod(MethodInvocationHelper.java:80)
	at org.testng.internal.Invoker.invokeMethod(Invoker.java:673)
	at org.testng.internal.Invoker.invokeTestMethod(Invoker.java:842)
	at org.testng.internal.Invoker.invokeTestMethods(Invoker.java:1166)
	at org.testng.internal.TestMethodWorker.invokeTestMethods(TestMethodWorker.java:125)
	at org.testng.internal.TestMethodWorker.run(TestMethodWorker.java:109)
	at org.testng.TestRunner.runWorkers(TestRunner.java:1178)
	at org.testng.TestRunner.privateRun(TestRunner.java:757)
	at org.testng.TestRunner.run(TestRunner.java:608)
	at org.testng.SuiteRunner.runTest(SuiteRunner.java:334)
	at org.testng.SuiteRunner.runSequentially(SuiteRunner.java:329)
	at org.testng.SuiteRunner.privateRun(SuiteRunner.java:291)
	at org.testng.SuiteRunner.run(SuiteRunner.java:240)
	at org.testng.SuiteRunnerWorker.runSuite(SuiteRunnerWorker.java:52)
	at org.testng.SuiteRunnerWorker.run(SuiteRunnerWorker.java:86)
	at org.testng.TestNG.runSuitesSequentially(TestNG.java:1158)
	at org.testng.TestNG.runSuitesLocally(TestNG.java:1083)
	at org.testng.TestNG.run(TestNG.java:999)
	at org.apache.maven.surefire.testng.TestNGExecutor.run(TestNGExecutor.java:70)
	at org.apache.maven.surefire.testng.TestNGDirectoryTestSuite.executeMulti(TestNGDirectoryTestSuite.java:158)
	at org.apache.maven.surefire.testng.TestNGDirectoryTestSuite.execute(TestNGDirectoryTestSuite.java:98)
	at org.apache.maven.surefire.testng.TestNGProvider.invoke(TestNGProvider.java:111)
	at sun.reflect.NativeMethodAccessorImpl.invoke0(Native Method)
	at sun.reflect.NativeMethodAccessorImpl.invoke(NativeMethodAccessorImpl.java:57)
	at sun.reflect.DelegatingMethodAccessorImpl.invoke(DelegatingMethodAccessorImpl.java:43)
	at java.lang.reflect.Method.invoke(Method.java:601)
	at org.apache.maven.surefire.util.ReflectionUtils.invokeMethodWithArray(ReflectionUtils.java:164)
	at org.apache.maven.surefire.booter.ProviderFactory$ProviderProxy.invoke(ProviderFactory.java:110)
	at org.apache.maven.surefire.booter.SurefireStarter.invokeProvider(SurefireStarter.java:175)
	at org.apache.maven.surefire.booter.SurefireStarter.runSuitesInProcessWhenForked(SurefireStarter.java:107)
	at org.apache.maven.surefire.booter.ForkedBooter.main(ForkedBooter.java:68)
]]>
            </full-stacktrace>
          </exception>
        </test-method>
      </class>
      <class name="cz.cuni.mff.d3s.deeco.test.unit.knowledge.KPBuilderTest">
        <test-method status="PASS" signature="prependToEmptyRoot()" name="prependToEmptyRoot" duration-ms="1" started-at="2013-04-05T10:30:29Z" finished-at="2013-04-05T10:30:29Z">
        </test-method>
        <test-method status="PASS" signature="decomposePathWithLastElementBlank()" name="decomposePathWithLastElementBlank" duration-ms="0" started-at="2013-04-05T10:30:29Z" finished-at="2013-04-05T10:30:29Z">
        </test-method>
        <test-method status="PASS" signature="decomposePathWithMiddleElementBlank()" name="decomposePathWithMiddleElementBlank" duration-ms="0" started-at="2013-04-05T10:30:29Z" finished-at="2013-04-05T10:30:29Z">
        </test-method>
        <test-method status="PASS" signature="appendToEmptyRoot()" name="appendToEmptyRoot" duration-ms="0" started-at="2013-04-05T10:30:29Z" finished-at="2013-04-05T10:30:29Z">
        </test-method>
        <test-method status="PASS" signature="decomposePathWithFirstElementBlank()" name="decomposePathWithFirstElementBlank" duration-ms="0" started-at="2013-04-05T10:30:29Z" finished-at="2013-04-05T10:30:29Z">
        </test-method>
        <test-method status="PASS" signature="decomposeAnEmptyPath()" name="decomposeAnEmptyPath" duration-ms="0" started-at="2013-04-05T10:30:29Z" finished-at="2013-04-05T10:30:29Z">
        </test-method>
        <test-method status="PASS" signature="appendToRootANullTail()" name="appendToRootANullTail" duration-ms="0" started-at="2013-04-05T10:30:29Z" finished-at="2013-04-05T10:30:29Z">
        </test-method>
        <test-method status="PASS" signature="decomposePathWithFirstElementEmpty()" name="decomposePathWithFirstElementEmpty" duration-ms="0" started-at="2013-04-05T10:30:29Z" finished-at="2013-04-05T10:30:29Z">
        </test-method>
        <test-method status="PASS" signature="decomposePath()" name="decomposePath" duration-ms="0" started-at="2013-04-05T10:30:29Z" finished-at="2013-04-05T10:30:29Z">
        </test-method>
        <test-method status="PASS" signature="decomposePathWithMiddleElementEmpty()" name="decomposePathWithMiddleElementEmpty" duration-ms="0" started-at="2013-04-05T10:30:29Z" finished-at="2013-04-05T10:30:29Z">
        </test-method>
        <test-method status="PASS" signature="decomposePathWithLastElementEmpty()" name="decomposePathWithLastElementEmpty" duration-ms="0" started-at="2013-04-05T10:30:29Z" finished-at="2013-04-05T10:30:29Z">
        </test-method>
        <test-method status="PASS" signature="appendToBlankRoot()" name="appendToBlankRoot" duration-ms="0" started-at="2013-04-05T10:30:29Z" finished-at="2013-04-05T10:30:29Z">
        </test-method>
        <test-method status="PASS" signature="decomposeANullPath()" name="decomposeANullPath" duration-ms="0" started-at="2013-04-05T10:30:29Z" finished-at="2013-04-05T10:30:29Z">
        </test-method>
        <test-method status="PASS" signature="prependToRootBlankTail()" name="prependToRootBlankTail" duration-ms="0" started-at="2013-04-05T10:30:29Z" finished-at="2013-04-05T10:30:29Z">
        </test-method>
        <test-method status="PASS" signature="prependToBlankRoot()" name="prependToBlankRoot" duration-ms="0" started-at="2013-04-05T10:30:29Z" finished-at="2013-04-05T10:30:29Z">
        </test-method>
        <test-method status="PASS" signature="appendToRoot()" name="appendToRoot" duration-ms="0" started-at="2013-04-05T10:30:29Z" finished-at="2013-04-05T10:30:29Z">
        </test-method>
        <test-method status="PASS" signature="prependToRoot()" name="prependToRoot" duration-ms="0" started-at="2013-04-05T10:30:29Z" finished-at="2013-04-05T10:30:29Z">
        </test-method>
        <test-method status="PASS" signature="appendToRootBlankTail()" name="appendToRootBlankTail" duration-ms="0" started-at="2013-04-05T10:30:29Z" finished-at="2013-04-05T10:30:29Z">
        </test-method>
        <test-method status="PASS" signature="prependToRootANullTail()" name="prependToRootANullTail" duration-ms="0" started-at="2013-04-05T10:30:29Z" finished-at="2013-04-05T10:30:29Z">
        </test-method>
        <test-method status="PASS" signature="decomposeABlankPath()" name="decomposeABlankPath" duration-ms="0" started-at="2013-04-05T10:30:29Z" finished-at="2013-04-05T10:30:29Z">
        </test-method>
      </class>
    </test>
  </suite>
</testng-results>
