<?xml version="1.0" encoding="UTF-8" ?>
<testsuite failures="0" time="0.547" errors="0" skipped="0" tests="29" name="TestSuite">
  <properties>
[...]
</properties>
  <testcase time="0" classname="cz.cuni.mff.d3s.deeco.test.unit.TestNGExamples" name="testNullPointerException"/>
  <testcase time="0" classname="cz.cuni.mff.d3s.deeco.test.unit.TestNGExamples" name="shouldAddSameCurrencies"/>
  <testcase time="0" classname="cz.cuni.mff.d3s.deeco.test.unit.TestNGExamples" name="shouldAddSameCurrencies"/>
  <testcase time="0" classname="cz.cuni.mff.d3s.deeco.test.unit.TestNGExamples" name="shouldAddSameCurrencies"/>
  <testcase time="0" classname="cz.cuni.mff.d3s.deeco.test.unit.TestNGExamples" name="aFastTest"/>
  <testcase time="0" classname="cz.cuni.mff.d3s.deeco.test.unit.TestNGExamples" name="aSlowTest"/>
  <testcase time="0" classname="cz.cuni.mff.d3s.deeco.test.unit.knowledge.LocalKnowledgeRepositoryTest" name="take"/>
  <testcase time="0" classname="cz.cuni.mff.d3s.deeco.test.unit.knowledge.LocalKnowledgeRepositoryTest" name="get"/>
  <testcase time="0.016" classname="cz.cuni.mff.d3s.deeco.test.unit.knowledge.LocalKnowledgeRepositoryTest" name="getWithException"/>
  <testcase time="0.001" classname="cz.cuni.mff.d3s.deeco.test.unit.knowledge.KPBuilderTest" name="prependToEmptyRoot"/>
  <testcase time="0" classname="cz.cuni.mff.d3s.deeco.test.unit.knowledge.KPBuilderTest" name="decomposePathWithLastElementBlank"/>
  <testcase time="0" classname="cz.cuni.mff.d3s.deeco.test.unit.knowledge.KPBuilderTest" name="decomposePathWithFirstElementBlank"/>
  <testcase time="0" classname="cz.cuni.mff.d3s.deeco.test.unit.knowledge.KPBuilderTest" name="prependToRootBlankTail"/>
  <testcase time="0" classname="cz.cuni.mff.d3s.deeco.test.unit.knowledge.KPBuilderTest" name="appendToRoot"/>
  <testcase time="0" classname="cz.cuni.mff.d3s.deeco.test.unit.knowledge.KPBuilderTest" name="decomposePathWithLastElementEmpty"/>
  <testcase time="0" classname="cz.cuni.mff.d3s.deeco.test.unit.knowledge.KPBuilderTest" name="decomposeABlankPath"/>
  <testcase time="0" classname="cz.cuni.mff.d3s.deeco.test.unit.knowledge.KPBuilderTest" name="decomposeAnEmptyPath"/>
  <testcase time="0" classname="cz.cuni.mff.d3s.deeco.test.unit.knowledge.KPBuilderTest" name="appendToBlankRoot"/>
  <testcase time="0" classname="cz.cuni.mff.d3s.deeco.test.unit.knowledge.KPBuilderTest" name="prependToBlankRoot"/>
  <testcase time="0" classname="cz.cuni.mff.d3s.deeco.test.unit.knowledge.KPBuilderTest" name="decomposeANullPath"/>
  <testcase time="0" classname="cz.cuni.mff.d3s.deeco.test.unit.knowledge.KPBuilderTest" name="decomposePathWithMiddleElementEmpty"/>
  <testcase time="0" classname="cz.cuni.mff.d3s.deeco.test.unit.knowledge.KPBuilderTest" name="decomposePathWithMiddleElementBlank"/>
  <testcase time="0" classname="cz.cuni.mff.d3s.deeco.test.unit.knowledge.KPBuilderTest" name="appendToEmptyRoot"/>
  <testcase time="0" classname="cz.cuni.mff.d3s.deeco.test.unit.knowledge.KPBuilderTest" name="decomposePath"/>
  <testcase time="0" classname="cz.cuni.mff.d3s.deeco.test.unit.knowledge.KPBuilderTest" name="prependToRoot"/>
  <testcase time="0" classname="cz.cuni.mff.d3s.deeco.test.unit.knowledge.KPBuilderTest" name="appendToRootANullTail"/>
  <testcase time="0" classname="cz.cuni.mff.d3s.deeco.test.unit.knowledge.KPBuilderTest" name="prependToRootANullTail"/>
  <testcase time="0" classname="cz.cuni.mff.d3s.deeco.test.unit.knowledge.KPBuilderTest" name="decomposePathWithFirstElementEmpty"/>
  <testcase time="0" classname="cz.cuni.mff.d3s.deeco.test.unit.knowledge.KPBuilderTest" name="appendToRootBlankTail"/>
</testsuite>